<?xml version="1.0" encoding="UTF-8"?>
<!-- Generated by org.testng.reporters.JUnitReportReporter -->
<testsuite skipped="1" hostname="Windows10-PC" name="com.start.testNG.Annot" tests="3" failures="0" timestamp="2022-01-20T22:40:53 IST" time="42.506" errors="0">
  <testcase name="zoo" time="0.002" classname="com.start.testNG.Annot"/>
  <system-out/>
  <testcase name="park" time="42.504" classname="com.start.testNG.Annot"/>
  <system-out/>
  <testcase name="message" classname="com.start.testNG.Annot">
    <skipped/>
  </testcase> <!-- message -->
  <system-out/>
</testsuite> <!-- com.start.testNG.Annot -->
