<?xml version="1.0" encoding="UTF-8"?>
<!-- Generated by org.testng.reporters.JUnitReportReporter -->
<testsuite skipped="0" hostname="Windows7-PC" name="com.again.soft.WebTable" tests="4" failures="0" timestamp="2021-12-31T01:49:24 IST" time="3.360" errors="0">
  <testcase name="heightTest" time="2.404" classname="com.again.soft.WebTable"/>
  <system-out/>
  <testcase name="sample" time="0.592" classname="com.again.soft.WebTable"/>
  <system-out/>
  <testcase name="structuralValues" time="0.332" classname="com.again.soft.WebTable"/>
  <system-out/>
  <testcase name="lastrowcolTest" time="0.032" classname="com.again.soft.WebTable"/>
  <system-out/>
</testsuite> <!-- com.again.soft.WebTable -->
