<?xml version="1.0" encoding="UTF-8"?>
<!-- Generated by org.testng.reporters.JUnitReportReporter -->
<testsuite skipped="1" hostname="Windows7-PC" name="com.start.testNG.Annot" tests="3" failures="0" timestamp="2021-11-29T19:31:16 IST" time="25.429" errors="0">
  <testcase name="zoo" time="0.003" classname="com.start.testNG.Annot"/>
  <system-out/>
  <testcase name="park" time="25.426" classname="com.start.testNG.Annot"/>
  <system-out/>
  <testcase name="message" classname="com.start.testNG.Annot">
    <skipped/>
  </testcase> <!-- message -->
  <system-out/>
</testsuite> <!-- com.start.testNG.Annot -->
